# JRE version: OpenJDK Runtime Environment Temurin-21.0.5+11 (21.0.5+11) (build 21.0.5+11-LTS)
# Java VM: OpenJDK 64-Bit Server VM Temurin-21.0.5+11 (21.0.5+11-LTS, mixed mode, sharing, tiered, compressed oops, compressed class ptrs, parallel gc, windows-amd64)
GC Precious Log:
 CardTable entry size: 512
 CPUs: 8 total, 8 available
 Memory: 16221M
 Large Page Support: Disabled
 NUMA Support: Disabled
 Compressed Oops: Enabled (32-bit)
 Alignments: Space 512K, Generation 512K, Heap 2M
 Heap Min Capacity: 100M
 Heap Initial Capacity: 100M
 Heap Max Capacity: 1G
 Pre-touch: Disabled
 Parallel Workers: 8
Heap:
 PSYoungGen      total 14848K, used 14678K [0x00000000eab00000, 0x00000000ebb80000, 0x0000000100000000)
  eden space 13824K, 100% used [0x00000000eab00000,0x00000000eb880000,0x00000000eb880000)
  from space 1024K, 83% used [0x00000000eb880000,0x00000000eb955810,0x00000000eb980000)
  to   space 1536K, 36% used [0x00000000eba00000,0x00000000eba8baf8,0x00000000ebb80000)
 ParOldGen       total 175104K, used 154439K [0x00000000c0000000, 0x00000000cab00000, 0x00000000eab00000)
  object space 175104K, 88% used [0x00000000c0000000,0x00000000c96d3e38,0x00000000cab00000)
 Metaspace       used 59375K, committed 60672K, reserved 1114112K
  class space    used 6171K, committed 6720K, reserved 1048576K
GC Heap History (20 events):
Event: 11.102 GC heap after
{Heap after GC invocations=64 (full 2):
 PSYoungGen      total 18432K, used 3317K [0x00000000eab00000, 0x00000000ec100000, 0x0000000100000000)
  eden space 14848K, 0% used [0x00000000eab00000,0x00000000eab00000,0x00000000eb980000)
  from space 3584K, 92% used [0x00000000ebd80000,0x00000000ec0bd7b0,0x00000000ec100000)
  to   space 3584K, 0% used [0x00000000eba00000,0x00000000eba00000,0x00000000ebd80000)
 ParOldGen       total 157696K, used 157347K [0x00000000c0000000, 0x00000000c9a00000, 0x00000000eab00000)
  object space 157696K, 99% used [0x00000000c0000000,0x00000000c99a8dd8,0x00000000c9a00000)
 Metaspace       used 56078K, committed 57280K, reserved 1114112K
  class space    used 5838K, committed 6400K, reserved 1048576K
}
Event: 11.288 GC heap before
{Heap before GC invocations=65 (full 2):
 PSYoungGen      total 18432K, used 18165K [0x00000000eab00000, 0x00000000ec100000, 0x0000000100000000)
  eden space 14848K, 100% used [0x00000000eab00000,0x00000000eb980000,0x00000000eb980000)
  from space 3584K, 92% used [0x00000000ebd80000,0x00000000ec0bd7b0,0x00000000ec100000)
  to   space 3584K, 0% used [0x00000000eba00000,0x00000000eba00000,0x00000000ebd80000)
 ParOldGen       total 157696K, used 157347K [0x00000000c0000000, 0x00000000c9a00000, 0x00000000eab00000)
  object space 157696K, 99% used [0x00000000c0000000,0x00000000c99a8dd8,0x00000000c9a00000)
 Metaspace       used 56735K, committed 57984K, reserved 1114112K
  class space    used 5915K, committed 6464K, reserved 1048576K
}
Event: 11.292 GC heap after
{Heap after GC invocations=65 (full 2):
 PSYoungGen      total 17920K, used 2757K [0x00000000eab00000, 0x00000000ebf80000, 0x0000000100000000)
  eden space 14848K, 0% used [0x00000000eab00000,0x00000000eab00000,0x00000000eb980000)
  from space 3072K, 89% used [0x00000000eba00000,0x00000000ebcb1568,0x00000000ebd00000)
  to   space 2560K, 0% used [0x00000000ebd00000,0x00000000ebd00000,0x00000000ebf80000)
 ParOldGen       total 160768K, used 160386K [0x00000000c0000000, 0x00000000c9d00000, 0x00000000eab00000)
  object space 160768K, 99% used [0x00000000c0000000,0x00000000c9ca0980,0x00000000c9d00000)
 Metaspace       used 56735K, committed 57984K, reserved 1114112K
  class space    used 5915K, committed 6464K, reserved 1048576K
}
Event: 11.398 GC heap before
{Heap before GC invocations=66 (full 2):
 PSYoungGen      total 17920K, used 17605K [0x00000000eab00000, 0x00000000ebf80000, 0x0000000100000000)
  eden space 14848K, 100% used [0x00000000eab00000,0x00000000eb980000,0x00000000eb980000)
  from space 3072K, 89% used [0x00000000eba00000,0x00000000ebcb1568,0x00000000ebd00000)
  to   space 2560K, 0% used [0x00000000ebd00000,0x00000000ebd00000,0x00000000ebf80000)
 ParOldGen       total 160768K, used 160386K [0x00000000c0000000, 0x00000000c9d00000, 0x00000000eab00000)
  object space 160768K, 99% used [0x00000000c0000000,0x00000000c9ca0980,0x00000000c9d00000)
 Metaspace       used 56919K, committed 58240K, reserved 1114112K
  class space    used 5952K, committed 6528K, reserved 1048576K
}
Event: 11.404 GC heap after
{Heap after GC invocations=66 (full 2):
 PSYoungGen      total 13824K, used 2543K [0x00000000eab00000, 0x00000000ec780000, 0x0000000100000000)
  eden space 11264K, 0% used [0x00000000eab00000,0x00000000eab00000,0x00000000eb600000)
  from space 2560K, 99% used [0x00000000ebd00000,0x00000000ebf7bed8,0x00000000ebf80000)
  to   space 7168K, 0% used [0x00000000eb600000,0x00000000eb600000,0x00000000ebd00000)
 ParOldGen       total 164352K, used 164257K [0x00000000c0000000, 0x00000000ca080000, 0x00000000eab00000)
  object space 164352K, 99% used [0x00000000c0000000,0x00000000ca068780,0x00000000ca080000)
 Metaspace       used 56919K, committed 58240K, reserved 1114112K
  class space    used 5952K, committed 6528K, reserved 1048576K
}
Event: 11.465 GC heap before
{Heap before GC invocations=67 (full 2):
 PSYoungGen      total 13824K, used 13807K [0x00000000eab00000, 0x00000000ec780000, 0x0000000100000000)
  eden space 11264K, 99% used [0x00000000eab00000,0x00000000eb5ffff0,0x00000000eb600000)
  from space 2560K, 99% used [0x00000000ebd00000,0x00000000ebf7bed8,0x00000000ebf80000)
  to   space 7168K, 0% used [0x00000000eb600000,0x00000000eb600000,0x00000000ebd00000)
 ParOldGen       total 164352K, used 164257K [0x00000000c0000000, 0x00000000ca080000, 0x00000000eab00000)
  object space 164352K, 99% used [0x00000000c0000000,0x00000000ca068798,0x00000000ca080000)
 Metaspace       used 57052K, committed 58368K, reserved 1114112K
  class space    used 5953K, committed 6528K, reserved 1048576K
}
Event: 11.469 GC heap after
{Heap after GC invocations=67 (full 2):
 PSYoungGen      total 18432K, used 2321K [0x00000000eab00000, 0x00000000ec180000, 0x0000000100000000)
  eden space 11264K, 0% used [0x00000000eab00000,0x00000000eab00000,0x00000000eb600000)
  from space 7168K, 32% used [0x00000000eb600000,0x00000000eb8446c0,0x00000000ebd00000)
  to   space 4096K, 0% used [0x00000000ebd80000,0x00000000ebd80000,0x00000000ec180000)
 ParOldGen       total 166912K, used 166768K [0x00000000c0000000, 0x00000000ca300000, 0x00000000eab00000)
  object space 166912K, 99% used [0x00000000c0000000,0x00000000ca2dc190,0x00000000ca300000)
 Metaspace       used 57052K, committed 58368K, reserved 1114112K
  class space    used 5953K, committed 6528K, reserved 1048576K
}
Event: 11.560 GC heap before
{Heap before GC invocations=68 (full 2):
 PSYoungGen      total 18432K, used 13585K [0x00000000eab00000, 0x00000000ec180000, 0x0000000100000000)
  eden space 11264K, 100% used [0x00000000eab00000,0x00000000eb600000,0x00000000eb600000)
  from space 7168K, 32% used [0x00000000eb600000,0x00000000eb8446c0,0x00000000ebd00000)
  to   space 4096K, 0% used [0x00000000ebd80000,0x00000000ebd80000,0x00000000ec180000)
 ParOldGen       total 166912K, used 166776K [0x00000000c0000000, 0x00000000ca300000, 0x00000000eab00000)
  object space 166912K, 99% used [0x00000000c0000000,0x00000000ca2de250,0x00000000ca300000)
 Metaspace       used 57433K, committed 58688K, reserved 1114112K
  class space    used 5980K, committed 6528K, reserved 1048576K
}
Event: 11.565 GC heap after
{Heap after GC invocations=68 (full 2):
 PSYoungGen      total 13824K, used 2200K [0x00000000eab00000, 0x00000000ec000000, 0x0000000100000000)
  eden space 11264K, 0% used [0x00000000eab00000,0x00000000eab00000,0x00000000eb600000)
  from space 2560K, 85% used [0x00000000ebd80000,0x00000000ebfa6178,0x00000000ec000000)
  to   space 2560K, 0% used [0x00000000ebb00000,0x00000000ebb00000,0x00000000ebd80000)
 ParOldGen       total 168960K, used 168825K [0x00000000c0000000, 0x00000000ca500000, 0x00000000eab00000)
  object space 168960K, 99% used [0x00000000c0000000,0x00000000ca4de7b8,0x00000000ca500000)
 Metaspace       used 57433K, committed 58688K, reserved 1114112K
  class space    used 5980K, committed 6528K, reserved 1048576K
}
Event: 11.714 GC heap before
{Heap before GC invocations=69 (full 2):
 PSYoungGen      total 13824K, used 13458K [0x00000000eab00000, 0x00000000ec000000, 0x0000000100000000)
  eden space 11264K, 99% used [0x00000000eab00000,0x00000000eb5fe808,0x00000000eb600000)
  from space 2560K, 85% used [0x00000000ebd80000,0x00000000ebfa6178,0x00000000ec000000)
  to   space 2560K, 0% used [0x00000000ebb00000,0x00000000ebb00000,0x00000000ebd80000)
 ParOldGen       total 168960K, used 168825K [0x00000000c0000000, 0x00000000ca500000, 0x00000000eab00000)
  object space 168960K, 99% used [0x00000000c0000000,0x00000000ca4de7b8,0x00000000ca500000)
 Metaspace       used 57778K, committed 59072K, reserved 1114112K
  class space    used 6022K, committed 6592K, reserved 1048576K
}
Event: 11.718 GC heap after
{Heap after GC invocations=69 (full 2):
 PSYoungGen      total 13824K, used 2337K [0x00000000eab00000, 0x00000000ebe00000, 0x0000000100000000)
  eden space 11264K, 0% used [0x00000000eab00000,0x00000000eab00000,0x00000000eb600000)
  from space 2560K, 91% used [0x00000000ebb00000,0x00000000ebd486a0,0x00000000ebd80000)
  to   space 512K, 0% used [0x00000000ebd80000,0x00000000ebd80000,0x00000000ebe00000)
 ParOldGen       total 171008K, used 170827K [0x00000000c0000000, 0x00000000ca700000, 0x00000000eab00000)
  object space 171008K, 99% used [0x00000000c0000000,0x00000000ca6d2da0,0x00000000ca700000)
 Metaspace       used 57778K, committed 59072K, reserved 1114112K
  class space    used 6022K, committed 6592K, reserved 1048576K
}
Event: 11.788 GC heap before
{Heap before GC invocations=70 (full 2):
 PSYoungGen      total 13824K, used 13601K [0x00000000eab00000, 0x00000000ebe00000, 0x0000000100000000)
  eden space 11264K, 99% used [0x00000000eab00000,0x00000000eb5fffd8,0x00000000eb600000)
  from space 2560K, 91% used [0x00000000ebb00000,0x00000000ebd486a0,0x00000000ebd80000)
  to   space 512K, 0% used [0x00000000ebd80000,0x00000000ebd80000,0x00000000ebe00000)
 ParOldGen       total 171008K, used 170827K [0x00000000c0000000, 0x00000000ca700000, 0x00000000eab00000)
  object space 171008K, 99% used [0x00000000c0000000,0x00000000ca6d2da0,0x00000000ca700000)
 Metaspace       used 58095K, committed 59392K, reserved 1114112K
  class space    used 6057K, committed 6592K, reserved 1048576K
}
Event: 11.793 GC heap after
{Heap after GC invocations=70 (full 2):
 PSYoungGen      total 11776K, used 501K [0x00000000eab00000, 0x00000000ebf00000, 0x0000000100000000)
  eden space 11264K, 0% used [0x00000000eab00000,0x00000000eab00000,0x00000000eb600000)
  from space 512K, 97% used [0x00000000ebd80000,0x00000000ebdfd598,0x00000000ebe00000)
  to   space 4608K, 0% used [0x00000000eb600000,0x00000000eb600000,0x00000000eba80000)
 ParOldGen       total 174592K, used 174465K [0x00000000c0000000, 0x00000000caa80000, 0x00000000eab00000)
  object space 174592K, 99% used [0x00000000c0000000,0x00000000caa60638,0x00000000caa80000)
 Metaspace       used 58095K, committed 59392K, reserved 1114112K
  class space    used 6057K, committed 6592K, reserved 1048576K
}
Event: 11.838 GC heap before
{Heap before GC invocations=71 (full 2):
 PSYoungGen      total 11776K, used 11717K [0x00000000eab00000, 0x00000000ebf00000, 0x0000000100000000)
  eden space 11264K, 99% used [0x00000000eab00000,0x00000000eb5f4248,0x00000000eb600000)
  from space 512K, 97% used [0x00000000ebd80000,0x00000000ebdfd598,0x00000000ebe00000)
  to   space 4608K, 0% used [0x00000000eb600000,0x00000000eb600000,0x00000000eba80000)
 ParOldGen       total 174592K, used 174465K [0x00000000c0000000, 0x00000000caa80000, 0x00000000eab00000)
  object space 174592K, 99% used [0x00000000c0000000,0x00000000caa60638,0x00000000caa80000)
 Metaspace       used 58474K, committed 59776K, reserved 1114112K
  class space    used 6094K, committed 6656K, reserved 1048576K
}
Event: 11.841 GC heap after
{Heap after GC invocations=71 (full 2):
 PSYoungGen      total 15872K, used 2220K [0x00000000eab00000, 0x00000000ebe00000, 0x0000000100000000)
  eden space 11264K, 0% used [0x00000000eab00000,0x00000000eab00000,0x00000000eb600000)
  from space 4608K, 48% used [0x00000000eb600000,0x00000000eb82b118,0x00000000eba80000)
  to   space 3072K, 0% used [0x00000000ebb00000,0x00000000ebb00000,0x00000000ebe00000)
 ParOldGen       total 175104K, used 174969K [0x00000000c0000000, 0x00000000cab00000, 0x00000000eab00000)
  object space 175104K, 99% used [0x00000000c0000000,0x00000000caade600,0x00000000cab00000)
 Metaspace       used 58474K, committed 59776K, reserved 1114112K
  class space    used 6094K, committed 6656K, reserved 1048576K
}
Event: 11.841 GC heap before
{Heap before GC invocations=72 (full 3):
 PSYoungGen      total 15872K, used 2220K [0x00000000eab00000, 0x00000000ebe00000, 0x0000000100000000)
  eden space 11264K, 0% used [0x00000000eab00000,0x00000000eab00000,0x00000000eb600000)
  from space 4608K, 48% used [0x00000000eb600000,0x00000000eb82b118,0x00000000eba80000)
  to   space 3072K, 0% used [0x00000000ebb00000,0x00000000ebb00000,0x00000000ebe00000)
 ParOldGen       total 175104K, used 174969K [0x00000000c0000000, 0x00000000cab00000, 0x00000000eab00000)
  object space 175104K, 99% used [0x00000000c0000000,0x00000000caade600,0x00000000cab00000)
 Metaspace       used 58474K, committed 59776K, reserved 1114112K
  class space    used 6094K, committed 6656K, reserved 1048576K
}
Event: 12.065 GC heap after
{Heap after GC invocations=72 (full 3):
 PSYoungGen      total 15872K, used 0K [0x00000000eab00000, 0x00000000ebe00000, 0x0000000100000000)
  eden space 11264K, 0% used [0x00000000eab00000,0x00000000eab00000,0x00000000eb600000)
  from space 4608K, 0% used [0x00000000eb600000,0x00000000eb600000,0x00000000eba80000)
  to   space 3072K, 0% used [0x00000000ebb00000,0x00000000ebb00000,0x00000000ebe00000)
 ParOldGen       total 175104K, used 152118K [0x00000000c0000000, 0x00000000cab00000, 0x00000000eab00000)
  object space 175104K, 86% used [0x00000000c0000000,0x00000000c948dbc0,0x00000000cab00000)
 Metaspace       used 58474K, committed 59776K, reserved 1114112K
  class space    used 6094K, committed 6656K, reserved 1048576K
}
Event: 12.248 GC heap before
{Heap before GC invocations=73 (full 3):
 PSYoungGen      total 15872K, used 11264K [0x00000000eab00000, 0x00000000ebe00000, 0x0000000100000000)
  eden space 11264K, 100% used [0x00000000eab00000,0x00000000eb600000,0x00000000eb600000)
  from space 4608K, 0% used [0x00000000eb600000,0x00000000eb600000,0x00000000eba80000)
  to   space 3072K, 0% used [0x00000000ebb00000,0x00000000ebb00000,0x00000000ebe00000)
 ParOldGen       total 175104K, used 152118K [0x00000000c0000000, 0x00000000cab00000, 0x00000000eab00000)
  object space 175104K, 86% used [0x00000000c0000000,0x00000000c948dbc0,0x00000000cab00000)
 Metaspace       used 59084K, committed 60352K, reserved 1114112K
  class space    used 6155K, committed 6720K, reserved 1048576K
}
Event: 12.252 GC heap after
{Heap after GC invocations=73 (full 3):
 PSYoungGen      total 13824K, used 2271K [0x00000000eab00000, 0x00000000ebd80000, 0x0000000100000000)
  eden space 11264K, 0% used [0x00000000eab00000,0x00000000eab00000,0x00000000eb600000)
  from space 2560K, 88% used [0x00000000ebb00000,0x00000000ebd37f80,0x00000000ebd80000)
  to   space 2560K, 0% used [0x00000000eb880000,0x00000000eb880000,0x00000000ebb00000)
 ParOldGen       total 175104K, used 152126K [0x00000000c0000000, 0x00000000cab00000, 0x00000000eab00000)
  object space 175104K, 86% used [0x00000000c0000000,0x00000000c948fbc0,0x00000000cab00000)
 Metaspace       used 59084K, committed 60352K, reserved 1114112K
  class space    used 6155K, committed 6720K, reserved 1048576K
}
Event: 12.492 GC heap before
{Heap before GC invocations=74 (full 3):
 PSYoungGen      total 13824K, used 13535K [0x00000000eab00000, 0x00000000ebd80000, 0x0000000100000000)
  eden space 11264K, 100% used [0x00000000eab00000,0x00000000eb600000,0x00000000eb600000)
  from space 2560K, 88% used [0x00000000ebb00000,0x00000000ebd37f80,0x00000000ebd80000)
  to   space 2560K, 0% used [0x00000000eb880000,0x00000000eb880000,0x00000000ebb00000)
 ParOldGen       total 175104K, used 152126K [0x00000000c0000000, 0x00000000cab00000, 0x00000000eab00000)
  object space 175104K, 86% used [0x00000000c0000000,0x00000000c948fbc0,0x00000000cab00000)
 Metaspace       used 59238K, committed 60544K, reserved 1114112K
  class space    used 6163K, committed 6720K, reserved 1048576K
}

