# JRE version: OpenJDK Runtime Environment Temurin-21.0.5+11 (21.0.5+11) (build 21.0.5+11-LTS)
# Java VM: OpenJDK 64-Bit Server VM Temurin-21.0.5+11 (21.0.5+11-LTS, mixed mode, sharing, tiered, compressed oops, compressed class ptrs, parallel gc, windows-amd64)
GC Precious Log:
 CardTable entry size: 512
 CPUs: 8 total, 8 available
 Memory: 16221M
 Large Page Support: Disabled
 NUMA Support: Disabled
 Compressed Oops: Enabled (32-bit)
 Alignments: Space 512K, Generation 512K, Heap 2M
 Heap Min Capacity: 100M
 Heap Initial Capacity: 100M
 Heap Max Capacity: 1G
 Pre-touch: Disabled
 Parallel Workers: 8
Heap:
 PSYoungGen      total 7168K, used 1478K [0x00000000eab00000, 0x00000000eb380000, 0x0000000100000000)
  eden space 5632K, 0% used [0x00000000eab00000,0x00000000eab00000,0x00000000eb080000)
  from space 1536K, 96% used [0x00000000eb080000,0x00000000eb1f1be8,0x00000000eb200000)
  to   space 1536K, 0% used [0x00000000eb200000,0x00000000eb200000,0x00000000eb380000)
 ParOldGen       total 156672K, used 135414K [0x00000000c0000000, 0x00000000c9900000, 0x00000000eab00000)
  object space 156672K, 86% used [0x00000000c0000000,0x00000000c843da98,0x00000000c9900000)
 Metaspace       used 56020K, committed 57216K, reserved 1114112K
  class space    used 5824K, committed 6336K, reserved 1048576K
GC Heap History (20 events):
Event: 10.613 GC heap after
{Heap after GC invocations=84 (full 2):
 PSYoungGen      total 6144K, used 1111K [0x00000000eab00000, 0x00000000eb380000, 0x0000000100000000)
  eden space 4608K, 0% used [0x00000000eab00000,0x00000000eab00000,0x00000000eaf80000)
  from space 1536K, 72% used [0x00000000eb200000,0x00000000eb315ea0,0x00000000eb380000)
  to   space 1536K, 0% used [0x00000000eb080000,0x00000000eb080000,0x00000000eb200000)
 ParOldGen       total 148480K, used 148313K [0x00000000c0000000, 0x00000000c9100000, 0x00000000eab00000)
  object space 148480K, 99% used [0x00000000c0000000,0x00000000c90d6778,0x00000000c9100000)
 Metaspace       used 55443K, committed 56640K, reserved 1114112K
  class space    used 5781K, committed 6272K, reserved 1048576K
}
Event: 10.629 GC heap before
{Heap before GC invocations=85 (full 2):
 PSYoungGen      total 6144K, used 5719K [0x00000000eab00000, 0x00000000eb380000, 0x0000000100000000)
  eden space 4608K, 100% used [0x00000000eab00000,0x00000000eaf80000,0x00000000eaf80000)
  from space 1536K, 72% used [0x00000000eb200000,0x00000000eb315ea0,0x00000000eb380000)
  to   space 1536K, 0% used [0x00000000eb080000,0x00000000eb080000,0x00000000eb200000)
 ParOldGen       total 148480K, used 148313K [0x00000000c0000000, 0x00000000c9100000, 0x00000000eab00000)
  object space 148480K, 99% used [0x00000000c0000000,0x00000000c90d6778,0x00000000c9100000)
 Metaspace       used 55632K, committed 56832K, reserved 1114112K
  class space    used 5793K, committed 6272K, reserved 1048576K
}
Event: 10.630 GC heap after
{Heap after GC invocations=85 (full 2):
 PSYoungGen      total 5632K, used 975K [0x00000000eab00000, 0x00000000eb280000, 0x0000000100000000)
  eden space 4608K, 0% used [0x00000000eab00000,0x00000000eab00000,0x00000000eaf80000)
  from space 1024K, 95% used [0x00000000eb080000,0x00000000eb173f98,0x00000000eb180000)
  to   space 1024K, 0% used [0x00000000eb180000,0x00000000eb180000,0x00000000eb280000)
 ParOldGen       total 149504K, used 149317K [0x00000000c0000000, 0x00000000c9200000, 0x00000000eab00000)
  object space 149504K, 99% used [0x00000000c0000000,0x00000000c91d14f0,0x00000000c9200000)
 Metaspace       used 55632K, committed 56832K, reserved 1114112K
  class space    used 5793K, committed 6272K, reserved 1048576K
}
Event: 10.646 GC heap before
{Heap before GC invocations=86 (full 2):
 PSYoungGen      total 5632K, used 5583K [0x00000000eab00000, 0x00000000eb280000, 0x0000000100000000)
  eden space 4608K, 100% used [0x00000000eab00000,0x00000000eaf80000,0x00000000eaf80000)
  from space 1024K, 95% used [0x00000000eb080000,0x00000000eb173f98,0x00000000eb180000)
  to   space 1024K, 0% used [0x00000000eb180000,0x00000000eb180000,0x00000000eb280000)
 ParOldGen       total 149504K, used 149317K [0x00000000c0000000, 0x00000000c9200000, 0x00000000eab00000)
  object space 149504K, 99% used [0x00000000c0000000,0x00000000c91d14f0,0x00000000c9200000)
 Metaspace       used 55795K, committed 57088K, reserved 1114112K
  class space    used 5799K, committed 6336K, reserved 1048576K
}
Event: 10.648 GC heap after
{Heap after GC invocations=86 (full 2):
 PSYoungGen      total 5632K, used 1019K [0x00000000eab00000, 0x00000000eb380000, 0x0000000100000000)
  eden space 4608K, 0% used [0x00000000eab00000,0x00000000eab00000,0x00000000eaf80000)
  from space 1024K, 99% used [0x00000000eb180000,0x00000000eb27eca8,0x00000000eb280000)
  to   space 2048K, 0% used [0x00000000eaf80000,0x00000000eaf80000,0x00000000eb180000)
 ParOldGen       total 150528K, used 150174K [0x00000000c0000000, 0x00000000c9300000, 0x00000000eab00000)
  object space 150528K, 99% used [0x00000000c0000000,0x00000000c92a7888,0x00000000c9300000)
 Metaspace       used 55795K, committed 57088K, reserved 1114112K
  class space    used 5799K, committed 6336K, reserved 1048576K
}
Event: 10.671 GC heap before
{Heap before GC invocations=87 (full 2):
 PSYoungGen      total 5632K, used 5627K [0x00000000eab00000, 0x00000000eb380000, 0x0000000100000000)
  eden space 4608K, 100% used [0x00000000eab00000,0x00000000eaf80000,0x00000000eaf80000)
  from space 1024K, 99% used [0x00000000eb180000,0x00000000eb27eca8,0x00000000eb280000)
  to   space 2048K, 0% used [0x00000000eaf80000,0x00000000eaf80000,0x00000000eb180000)
 ParOldGen       total 150528K, used 150174K [0x00000000c0000000, 0x00000000c9300000, 0x00000000eab00000)
  object space 150528K, 99% used [0x00000000c0000000,0x00000000c92a7888,0x00000000c9300000)
 Metaspace       used 55795K, committed 57088K, reserved 1114112K
  class space    used 5799K, committed 6336K, reserved 1048576K
}
Event: 10.672 GC heap after
{Heap after GC invocations=87 (full 2):
 PSYoungGen      total 6144K, used 1320K [0x00000000eab00000, 0x00000000eb280000, 0x0000000100000000)
  eden space 4608K, 0% used [0x00000000eab00000,0x00000000eab00000,0x00000000eaf80000)
  from space 1536K, 85% used [0x00000000eaf80000,0x00000000eb0ca030,0x00000000eb100000)
  to   space 1536K, 0% used [0x00000000eb100000,0x00000000eb100000,0x00000000eb280000)
 ParOldGen       total 151552K, used 151132K [0x00000000c0000000, 0x00000000c9400000, 0x00000000eab00000)
  object space 151552K, 99% used [0x00000000c0000000,0x00000000c9397290,0x00000000c9400000)
 Metaspace       used 55795K, committed 57088K, reserved 1114112K
  class space    used 5799K, committed 6336K, reserved 1048576K
}
Event: 10.692 GC heap before
{Heap before GC invocations=88 (full 2):
 PSYoungGen      total 6144K, used 5928K [0x00000000eab00000, 0x00000000eb280000, 0x0000000100000000)
  eden space 4608K, 100% used [0x00000000eab00000,0x00000000eaf80000,0x00000000eaf80000)
  from space 1536K, 85% used [0x00000000eaf80000,0x00000000eb0ca030,0x00000000eb100000)
  to   space 1536K, 0% used [0x00000000eb100000,0x00000000eb100000,0x00000000eb280000)
 ParOldGen       total 151552K, used 151132K [0x00000000c0000000, 0x00000000c9400000, 0x00000000eab00000)
  object space 151552K, 99% used [0x00000000c0000000,0x00000000c9397290,0x00000000c9400000)
 Metaspace       used 55801K, committed 57088K, reserved 1114112K
  class space    used 5799K, committed 6336K, reserved 1048576K
}
Event: 10.693 GC heap after
{Heap after GC invocations=88 (full 2):
 PSYoungGen      total 6144K, used 1327K [0x00000000eab00000, 0x00000000eb280000, 0x0000000100000000)
  eden space 4608K, 0% used [0x00000000eab00000,0x00000000eab00000,0x00000000eaf80000)
  from space 1536K, 86% used [0x00000000eb100000,0x00000000eb24bca0,0x00000000eb280000)
  to   space 1536K, 0% used [0x00000000eaf80000,0x00000000eaf80000,0x00000000eb100000)
 ParOldGen       total 152576K, used 152328K [0x00000000c0000000, 0x00000000c9500000, 0x00000000eab00000)
  object space 152576K, 99% used [0x00000000c0000000,0x00000000c94c23e0,0x00000000c9500000)
 Metaspace       used 55801K, committed 57088K, reserved 1114112K
  class space    used 5799K, committed 6336K, reserved 1048576K
}
Event: 10.712 GC heap before
{Heap before GC invocations=89 (full 2):
 PSYoungGen      total 6144K, used 5935K [0x00000000eab00000, 0x00000000eb280000, 0x0000000100000000)
  eden space 4608K, 100% used [0x00000000eab00000,0x00000000eaf80000,0x00000000eaf80000)
  from space 1536K, 86% used [0x00000000eb100000,0x00000000eb24bca0,0x00000000eb280000)
  to   space 1536K, 0% used [0x00000000eaf80000,0x00000000eaf80000,0x00000000eb100000)
 ParOldGen       total 152576K, used 152328K [0x00000000c0000000, 0x00000000c9500000, 0x00000000eab00000)
  object space 152576K, 99% used [0x00000000c0000000,0x00000000c94c23e0,0x00000000c9500000)
 Metaspace       used 55836K, committed 57088K, reserved 1114112K
  class space    used 5799K, committed 6336K, reserved 1048576K
}
Event: 10.714 GC heap after
{Heap after GC invocations=89 (full 2):
 PSYoungGen      total 6144K, used 1367K [0x00000000eab00000, 0x00000000eb280000, 0x0000000100000000)
  eden space 4608K, 0% used [0x00000000eab00000,0x00000000eab00000,0x00000000eaf80000)
  from space 1536K, 89% used [0x00000000eaf80000,0x00000000eb0d5c90,0x00000000eb100000)
  to   space 1536K, 0% used [0x00000000eb100000,0x00000000eb100000,0x00000000eb280000)
 ParOldGen       total 153600K, used 153472K [0x00000000c0000000, 0x00000000c9600000, 0x00000000eab00000)
  object space 153600K, 99% used [0x00000000c0000000,0x00000000c95e0200,0x00000000c9600000)
 Metaspace       used 55836K, committed 57088K, reserved 1114112K
  class space    used 5799K, committed 6336K, reserved 1048576K
}
Event: 10.736 GC heap before
{Heap before GC invocations=90 (full 2):
 PSYoungGen      total 6144K, used 5975K [0x00000000eab00000, 0x00000000eb280000, 0x0000000100000000)
  eden space 4608K, 100% used [0x00000000eab00000,0x00000000eaf80000,0x00000000eaf80000)
  from space 1536K, 89% used [0x00000000eaf80000,0x00000000eb0d5c90,0x00000000eb100000)
  to   space 1536K, 0% used [0x00000000eb100000,0x00000000eb100000,0x00000000eb280000)
 ParOldGen       total 153600K, used 153472K [0x00000000c0000000, 0x00000000c9600000, 0x00000000eab00000)
  object space 153600K, 99% used [0x00000000c0000000,0x00000000c95e0200,0x00000000c9600000)
 Metaspace       used 55911K, committed 57152K, reserved 1114112K
  class space    used 5810K, committed 6336K, reserved 1048576K
}
Event: 10.738 GC heap after
{Heap after GC invocations=90 (full 2):
 PSYoungGen      total 6144K, used 992K [0x00000000eab00000, 0x00000000eb280000, 0x0000000100000000)
  eden space 4608K, 0% used [0x00000000eab00000,0x00000000eab00000,0x00000000eaf80000)
  from space 1536K, 64% used [0x00000000eb100000,0x00000000eb1f8370,0x00000000eb280000)
  to   space 1536K, 0% used [0x00000000eaf80000,0x00000000eaf80000,0x00000000eb100000)
 ParOldGen       total 154624K, used 154599K [0x00000000c0000000, 0x00000000c9700000, 0x00000000eab00000)
  object space 154624K, 99% used [0x00000000c0000000,0x00000000c96f9df8,0x00000000c9700000)
 Metaspace       used 55911K, committed 57152K, reserved 1114112K
  class space    used 5810K, committed 6336K, reserved 1048576K
}
Event: 10.776 GC heap before
{Heap before GC invocations=91 (full 2):
 PSYoungGen      total 6144K, used 5600K [0x00000000eab00000, 0x00000000eb280000, 0x0000000100000000)
  eden space 4608K, 100% used [0x00000000eab00000,0x00000000eaf80000,0x00000000eaf80000)
  from space 1536K, 64% used [0x00000000eb100000,0x00000000eb1f8370,0x00000000eb280000)
  to   space 1536K, 0% used [0x00000000eaf80000,0x00000000eaf80000,0x00000000eb100000)
 ParOldGen       total 154624K, used 154599K [0x00000000c0000000, 0x00000000c9700000, 0x00000000eab00000)
  object space 154624K, 99% used [0x00000000c0000000,0x00000000c96f9df8,0x00000000c9700000)
 Metaspace       used 55952K, committed 57216K, reserved 1114112K
  class space    used 5814K, committed 6336K, reserved 1048576K
}
Event: 11.894 GC heap after
{Heap after GC invocations=91 (full 2):
 PSYoungGen      total 6144K, used 1200K [0x00000000eab00000, 0x00000000eb380000, 0x0000000100000000)
  eden space 4608K, 0% used [0x00000000eab00000,0x00000000eab00000,0x00000000eaf80000)
  from space 1536K, 78% used [0x00000000eaf80000,0x00000000eb0ac1d0,0x00000000eb100000)
  to   space 1536K, 0% used [0x00000000eb200000,0x00000000eb200000,0x00000000eb380000)
 ParOldGen       total 155648K, used 155448K [0x00000000c0000000, 0x00000000c9800000, 0x00000000eab00000)
  object space 155648K, 99% used [0x00000000c0000000,0x00000000c97ce118,0x00000000c9800000)
 Metaspace       used 55952K, committed 57216K, reserved 1114112K
  class space    used 5814K, committed 6336K, reserved 1048576K
}
Event: 12.959 GC heap before
{Heap before GC invocations=92 (full 2):
 PSYoungGen      total 6144K, used 5808K [0x00000000eab00000, 0x00000000eb380000, 0x0000000100000000)
  eden space 4608K, 100% used [0x00000000eab00000,0x00000000eaf80000,0x00000000eaf80000)
  from space 1536K, 78% used [0x00000000eaf80000,0x00000000eb0ac1d0,0x00000000eb100000)
  to   space 1536K, 0% used [0x00000000eb200000,0x00000000eb200000,0x00000000eb380000)
 ParOldGen       total 155648K, used 155448K [0x00000000c0000000, 0x00000000c9800000, 0x00000000eab00000)
  object space 155648K, 99% used [0x00000000c0000000,0x00000000c97ce118,0x00000000c9800000)
 Metaspace       used 56017K, committed 57216K, reserved 1114112K
  class space    used 5824K, committed 6336K, reserved 1048576K
}
Event: 18.560 GC heap after
{Heap after GC invocations=92 (full 2):
 PSYoungGen      total 6144K, used 5808K [0x00000000eab00000, 0x00000000eb380000, 0x0000000100000000)
  eden space 4608K, 100% used [0x00000000eab00000,0x00000000eaf80000,0x00000000eaf80000)
  from space 1536K, 78% used [0x00000000eaf80000,0x00000000eb0ac1d0,0x00000000eb100000)
  to   space 1536K, 80% used [0x00000000eb200000,0x00000000eb336b78,0x00000000eb380000)
 ParOldGen       total 156672K, used 156501K [0x00000000c0000000, 0x00000000c9900000, 0x00000000eab00000)
  object space 156672K, 99% used [0x00000000c0000000,0x00000000c98d56b0,0x00000000c9900000)
 Metaspace       used 56017K, committed 57216K, reserved 1114112K
  class space    used 5824K, committed 6336K, reserved 1048576K
}
Event: 18.561 GC heap before
{Heap before GC invocations=93 (full 3):
 PSYoungGen      total 6144K, used 5808K [0x00000000eab00000, 0x00000000eb380000, 0x0000000100000000)
  eden space 4608K, 100% used [0x00000000eab00000,0x00000000eaf80000,0x00000000eaf80000)
  from space 1536K, 78% used [0x00000000eaf80000,0x00000000eb0ac1d0,0x00000000eb100000)
  to   space 1536K, 80% used [0x00000000eb200000,0x00000000eb336b78,0x00000000eb380000)
 ParOldGen       total 156672K, used 156501K [0x00000000c0000000, 0x00000000c9900000, 0x00000000eab00000)
  object space 156672K, 99% used [0x00000000c0000000,0x00000000c98d56b0,0x00000000c9900000)
 Metaspace       used 56017K, committed 57216K, reserved 1114112K
  class space    used 5824K, committed 6336K, reserved 1048576K
}
Event: 23.539 GC heap after
{Heap after GC invocations=93 (full 3):
 PSYoungGen      total 7168K, used 0K [0x00000000eab00000, 0x00000000eb380000, 0x0000000100000000)
  eden space 5632K, 0% used [0x00000000eab00000,0x00000000eab00000,0x00000000eb080000)
  from space 1536K, 0% used [0x00000000eb200000,0x00000000eb200000,0x00000000eb380000)
  to   space 1536K, 0% used [0x00000000eb080000,0x00000000eb080000,0x00000000eb200000)
 ParOldGen       total 156672K, used 135414K [0x00000000c0000000, 0x00000000c9900000, 0x00000000eab00000)
  object space 156672K, 86% used [0x00000000c0000000,0x00000000c843da98,0x00000000c9900000)
 Metaspace       used 56017K, committed 57216K, reserved 1114112K
  class space    used 5824K, committed 6336K, reserved 1048576K
}
Event: 24.567 GC heap before
{Heap before GC invocations=94 (full 3):
 PSYoungGen      total 7168K, used 5632K [0x00000000eab00000, 0x00000000eb380000, 0x0000000100000000)
  eden space 5632K, 100% used [0x00000000eab00000,0x00000000eb080000,0x00000000eb080000)
  from space 1536K, 0% used [0x00000000eb200000,0x00000000eb200000,0x00000000eb380000)
  to   space 1536K, 0% used [0x00000000eb080000,0x00000000eb080000,0x00000000eb200000)
 ParOldGen       total 156672K, used 135414K [0x00000000c0000000, 0x00000000c9900000, 0x00000000eab00000)
  object space 156672K, 86% used [0x00000000c0000000,0x00000000c843da98,0x00000000c9900000)
 Metaspace       used 56020K, committed 57216K, reserved 1114112K
  class space    used 5824K, committed 6336K, reserved 1048576K
}

