# JRE version: OpenJDK Runtime Environment Temurin-21.0.5+11 (21.0.5+11) (build 21.0.5+11-LTS)
# Java VM: OpenJDK 64-Bit Server VM Temurin-21.0.5+11 (21.0.5+11-LTS, mixed mode, sharing, tiered, compressed oops, compressed class ptrs, parallel gc, windows-amd64)
GC Precious Log:
 CardTable entry size: 512
 CPUs: 8 total, 8 available
 Memory: 16221M
 Large Page Support: Disabled
 NUMA Support: Disabled
 Compressed Oops: Enabled (32-bit)
 Alignments: Space 512K, Generation 512K, Heap 2M
 Heap Min Capacity: 100M
 Heap Initial Capacity: 100M
 Heap Max Capacity: 1G
 Pre-touch: Disabled
 Parallel Workers: 8
Heap:
 PSYoungGen      total 9216K, used 5145K [0x00000000eab00000, 0x00000000ec000000, 0x0000000100000000)
  eden space 6656K, 39% used [0x00000000eab00000,0x00000000ead8a810,0x00000000eb180000)
  from space 2560K, 99% used [0x00000000eb180000,0x00000000eb3fbd00,0x00000000eb400000)
  to   space 6656K, 0% used [0x00000000eb980000,0x00000000eb980000,0x00000000ec000000)
 ParOldGen       total 602112K, used 602027K [0x00000000c0000000, 0x00000000e4c00000, 0x00000000eab00000)
  object space 602112K, 99% used [0x00000000c0000000,0x00000000e4beafa0,0x00000000e4c00000)
 Metaspace       used 68579K, committed 70016K, reserved 1114112K
  class space    used 7084K, committed 7680K, reserved 1048576K
GC Heap History (20 events):
Event: 55.999 GC heap before
{Heap before GC invocations=639 (full 3):
 PSYoungGen      total 3072K, used 2656K [0x00000000eab00000, 0x00000000eaf00000, 0x0000000100000000)
  eden space 2048K, 100% used [0x00000000eab00000,0x00000000ead00000,0x00000000ead00000)
  from space 1024K, 59% used [0x00000000ead00000,0x00000000ead98000,0x00000000eae00000)
  to   space 1024K, 0% used [0x00000000eae00000,0x00000000eae00000,0x00000000eaf00000)
 ParOldGen       total 584704K, used 584504K [0x00000000c0000000, 0x00000000e3b00000, 0x00000000eab00000)
  object space 584704K, 99% used [0x00000000c0000000,0x00000000e3ace0f0,0x00000000e3b00000)
 Metaspace       used 68507K, committed 69952K, reserved 1114112K
  class space    used 7081K, committed 7680K, reserved 1048576K
}
Event: 56.001 GC heap after
{Heap after GC invocations=639 (full 3):
 PSYoungGen      total 3072K, used 832K [0x00000000eab00000, 0x00000000eaf80000, 0x0000000100000000)
  eden space 2048K, 0% used [0x00000000eab00000,0x00000000eab00000,0x00000000ead00000)
  from space 1024K, 81% used [0x00000000eae00000,0x00000000eaed0000,0x00000000eaf00000)
  to   space 1024K, 0% used [0x00000000ead00000,0x00000000ead00000,0x00000000eae00000)
 ParOldGen       total 585216K, used 585024K [0x00000000c0000000, 0x00000000e3b80000, 0x00000000eab00000)
  object space 585216K, 99% used [0x00000000c0000000,0x00000000e3b500f0,0x00000000e3b80000)
 Metaspace       used 68507K, committed 69952K, reserved 1114112K
  class space    used 7081K, committed 7680K, reserved 1048576K
}
Event: 56.004 GC heap before
{Heap before GC invocations=640 (full 3):
 PSYoungGen      total 3072K, used 2880K [0x00000000eab00000, 0x00000000eaf80000, 0x0000000100000000)
  eden space 2048K, 100% used [0x00000000eab00000,0x00000000ead00000,0x00000000ead00000)
  from space 1024K, 81% used [0x00000000eae00000,0x00000000eaed0000,0x00000000eaf00000)
  to   space 1024K, 0% used [0x00000000ead00000,0x00000000ead00000,0x00000000eae00000)
 ParOldGen       total 585216K, used 585024K [0x00000000c0000000, 0x00000000e3b80000, 0x00000000eab00000)
  object space 585216K, 99% used [0x00000000c0000000,0x00000000e3b500f0,0x00000000e3b80000)
 Metaspace       used 68507K, committed 69952K, reserved 1114112K
  class space    used 7081K, committed 7680K, reserved 1048576K
}
Event: 56.006 GC heap after
{Heap after GC invocations=640 (full 3):
 PSYoungGen      total 3072K, used 800K [0x00000000eab00000, 0x00000000eaf80000, 0x0000000100000000)
  eden space 2048K, 0% used [0x00000000eab00000,0x00000000eab00000,0x00000000ead00000)
  from space 1024K, 78% used [0x00000000ead00000,0x00000000eadc8000,0x00000000eae00000)
  to   space 1024K, 0% used [0x00000000eae80000,0x00000000eae80000,0x00000000eaf80000)
 ParOldGen       total 586240K, used 585728K [0x00000000c0000000, 0x00000000e3c80000, 0x00000000eab00000)
  object space 586240K, 99% used [0x00000000c0000000,0x00000000e3c000f0,0x00000000e3c80000)
 Metaspace       used 68507K, committed 69952K, reserved 1114112K
  class space    used 7081K, committed 7680K, reserved 1048576K
}
Event: 56.009 GC heap before
{Heap before GC invocations=641 (full 3):
 PSYoungGen      total 3072K, used 2777K [0x00000000eab00000, 0x00000000eaf80000, 0x0000000100000000)
  eden space 2048K, 96% used [0x00000000eab00000,0x00000000eacee678,0x00000000ead00000)
  from space 1024K, 78% used [0x00000000ead00000,0x00000000eadc8000,0x00000000eae00000)
  to   space 1024K, 0% used [0x00000000eae80000,0x00000000eae80000,0x00000000eaf80000)
 ParOldGen       total 586240K, used 585728K [0x00000000c0000000, 0x00000000e3c80000, 0x00000000eab00000)
  object space 586240K, 99% used [0x00000000c0000000,0x00000000e3c000f0,0x00000000e3c80000)
 Metaspace       used 68510K, committed 69952K, reserved 1114112K
  class space    used 7082K, committed 7680K, reserved 1048576K
}
Event: 56.011 GC heap after
{Heap after GC invocations=641 (full 3):
 PSYoungGen      total 3584K, used 979K [0x00000000eab00000, 0x00000000eaf80000, 0x0000000100000000)
  eden space 2560K, 0% used [0x00000000eab00000,0x00000000eab00000,0x00000000ead80000)
  from space 1024K, 95% used [0x00000000eae80000,0x00000000eaf74e10,0x00000000eaf80000)
  to   space 1024K, 0% used [0x00000000ead80000,0x00000000ead80000,0x00000000eae80000)
 ParOldGen       total 586752K, used 586432K [0x00000000c0000000, 0x00000000e3d00000, 0x00000000eab00000)
  object space 586752K, 99% used [0x00000000c0000000,0x00000000e3cb00f0,0x00000000e3d00000)
 Metaspace       used 68510K, committed 69952K, reserved 1114112K
  class space    used 7082K, committed 7680K, reserved 1048576K
}
Event: 56.021 GC heap before
{Heap before GC invocations=642 (full 3):
 PSYoungGen      total 3584K, used 3539K [0x00000000eab00000, 0x00000000eaf80000, 0x0000000100000000)
  eden space 2560K, 100% used [0x00000000eab00000,0x00000000ead80000,0x00000000ead80000)
  from space 1024K, 95% used [0x00000000eae80000,0x00000000eaf74e10,0x00000000eaf80000)
  to   space 1024K, 0% used [0x00000000ead80000,0x00000000ead80000,0x00000000eae80000)
 ParOldGen       total 586752K, used 586432K [0x00000000c0000000, 0x00000000e3d00000, 0x00000000eab00000)
  object space 586752K, 99% used [0x00000000c0000000,0x00000000e3cb00f0,0x00000000e3d00000)
 Metaspace       used 68512K, committed 69952K, reserved 1114112K
  class space    used 7082K, committed 7680K, reserved 1048576K
}
Event: 56.024 GC heap after
{Heap after GC invocations=642 (full 3):
 PSYoungGen      total 3584K, used 1022K [0x00000000eab00000, 0x00000000eb600000, 0x0000000100000000)
  eden space 2560K, 0% used [0x00000000eab00000,0x00000000eab00000,0x00000000ead80000)
  from space 1024K, 99% used [0x00000000ead80000,0x00000000eae7fab8,0x00000000eae80000)
  to   space 4096K, 0% used [0x00000000eb200000,0x00000000eb200000,0x00000000eb600000)
 ParOldGen       total 589312K, used 588803K [0x00000000c0000000, 0x00000000e3f80000, 0x00000000eab00000)
  object space 589312K, 99% used [0x00000000c0000000,0x00000000e3f00f00,0x00000000e3f80000)
 Metaspace       used 68512K, committed 69952K, reserved 1114112K
  class space    used 7082K, committed 7680K, reserved 1048576K
}
Event: 56.037 GC heap before
{Heap before GC invocations=643 (full 3):
 PSYoungGen      total 3584K, used 3582K [0x00000000eab00000, 0x00000000eb600000, 0x0000000100000000)
  eden space 2560K, 100% used [0x00000000eab00000,0x00000000ead80000,0x00000000ead80000)
  from space 1024K, 99% used [0x00000000ead80000,0x00000000eae7fab8,0x00000000eae80000)
  to   space 4096K, 0% used [0x00000000eb200000,0x00000000eb200000,0x00000000eb600000)
 ParOldGen       total 589312K, used 588803K [0x00000000c0000000, 0x00000000e3f80000, 0x00000000eab00000)
  object space 589312K, 99% used [0x00000000c0000000,0x00000000e3f00f00,0x00000000e3f80000)
 Metaspace       used 68512K, committed 69952K, reserved 1114112K
  class space    used 7082K, committed 7680K, reserved 1048576K
}
Event: 56.041 GC heap after
{Heap after GC invocations=643 (full 3):
 PSYoungGen      total 6144K, used 2656K [0x00000000eab00000, 0x00000000eb500000, 0x0000000100000000)
  eden space 3072K, 0% used [0x00000000eab00000,0x00000000eab00000,0x00000000eae00000)
  from space 3072K, 86% used [0x00000000eb200000,0x00000000eb498000,0x00000000eb500000)
  to   space 3072K, 0% used [0x00000000eaf00000,0x00000000eaf00000,0x00000000eb200000)
 ParOldGen       total 590336K, used 589858K [0x00000000c0000000, 0x00000000e4080000, 0x00000000eab00000)
  object space 590336K, 99% used [0x00000000c0000000,0x00000000e40089b8,0x00000000e4080000)
 Metaspace       used 68512K, committed 69952K, reserved 1114112K
  class space    used 7082K, committed 7680K, reserved 1048576K
}
Event: 56.051 GC heap before
{Heap before GC invocations=644 (full 3):
 PSYoungGen      total 6144K, used 5728K [0x00000000eab00000, 0x00000000eb500000, 0x0000000100000000)
  eden space 3072K, 100% used [0x00000000eab00000,0x00000000eae00000,0x00000000eae00000)
  from space 3072K, 86% used [0x00000000eb200000,0x00000000eb498000,0x00000000eb500000)
  to   space 3072K, 0% used [0x00000000eaf00000,0x00000000eaf00000,0x00000000eb200000)
 ParOldGen       total 590336K, used 589858K [0x00000000c0000000, 0x00000000e4080000, 0x00000000eab00000)
  object space 590336K, 99% used [0x00000000c0000000,0x00000000e40089b8,0x00000000e4080000)
 Metaspace       used 68518K, committed 69952K, reserved 1114112K
  class space    used 7082K, committed 7680K, reserved 1048576K
}
Event: 56.056 GC heap after
{Heap after GC invocations=644 (full 3):
 PSYoungGen      total 7168K, used 3063K [0x00000000eab00000, 0x00000000ebc00000, 0x0000000100000000)
  eden space 4096K, 0% used [0x00000000eab00000,0x00000000eab00000,0x00000000eaf00000)
  from space 3072K, 99% used [0x00000000eaf00000,0x00000000eb1fde18,0x00000000eb200000)
  to   space 6656K, 0% used [0x00000000eb580000,0x00000000eb580000,0x00000000ebc00000)
 ParOldGen       total 592896K, used 592474K [0x00000000c0000000, 0x00000000e4300000, 0x00000000eab00000)
  object space 592896K, 99% used [0x00000000c0000000,0x00000000e42969b8,0x00000000e4300000)
 Metaspace       used 68518K, committed 69952K, reserved 1114112K
  class space    used 7082K, committed 7680K, reserved 1048576K
}
Event: 56.073 GC heap before
{Heap before GC invocations=645 (full 3):
 PSYoungGen      total 7168K, used 7159K [0x00000000eab00000, 0x00000000ebc00000, 0x0000000100000000)
  eden space 4096K, 100% used [0x00000000eab00000,0x00000000eaf00000,0x00000000eaf00000)
  from space 3072K, 99% used [0x00000000eaf00000,0x00000000eb1fde18,0x00000000eb200000)
  to   space 6656K, 0% used [0x00000000eb580000,0x00000000eb580000,0x00000000ebc00000)
 ParOldGen       total 592896K, used 592474K [0x00000000c0000000, 0x00000000e4300000, 0x00000000eab00000)
  object space 592896K, 99% used [0x00000000c0000000,0x00000000e42969b8,0x00000000e4300000)
 Metaspace       used 68536K, committed 70016K, reserved 1114112K
  class space    used 7082K, committed 7680K, reserved 1048576K
}
Event: 56.078 GC heap after
{Heap after GC invocations=645 (full 3):
 PSYoungGen      total 9216K, used 3659K [0x00000000eab00000, 0x00000000eb980000, 0x0000000100000000)
  eden space 5120K, 0% used [0x00000000eab00000,0x00000000eab00000,0x00000000eb000000)
  from space 4096K, 89% used [0x00000000eb580000,0x00000000eb912d60,0x00000000eb980000)
  to   space 4608K, 0% used [0x00000000eb080000,0x00000000eb080000,0x00000000eb500000)
 ParOldGen       total 593920K, used 593673K [0x00000000c0000000, 0x00000000e4400000, 0x00000000eab00000)
  object space 593920K, 99% used [0x00000000c0000000,0x00000000e43c24a8,0x00000000e4400000)
 Metaspace       used 68536K, committed 70016K, reserved 1114112K
  class space    used 7082K, committed 7680K, reserved 1048576K
}
Event: 56.118 GC heap before
{Heap before GC invocations=646 (full 3):
 PSYoungGen      total 9216K, used 8654K [0x00000000eab00000, 0x00000000eb980000, 0x0000000100000000)
  eden space 5120K, 97% used [0x00000000eab00000,0x00000000eafe0c50,0x00000000eb000000)
  from space 4096K, 89% used [0x00000000eb580000,0x00000000eb912d60,0x00000000eb980000)
  to   space 4608K, 0% used [0x00000000eb080000,0x00000000eb080000,0x00000000eb500000)
 ParOldGen       total 593920K, used 593673K [0x00000000c0000000, 0x00000000e4400000, 0x00000000eab00000)
  object space 593920K, 99% used [0x00000000c0000000,0x00000000e43c24a8,0x00000000e4400000)
 Metaspace       used 68538K, committed 70016K, reserved 1114112K
  class space    used 7083K, committed 7680K, reserved 1048576K
}
Event: 56.158 GC heap after
{Heap after GC invocations=646 (full 3):
 PSYoungGen      total 8192K, used 2401K [0x00000000eab00000, 0x00000000eb700000, 0x0000000100000000)
  eden space 5632K, 0% used [0x00000000eab00000,0x00000000eab00000,0x00000000eb080000)
  from space 2560K, 93% used [0x00000000eb080000,0x00000000eb2d84e0,0x00000000eb300000)
  to   space 3072K, 0% used [0x00000000eb400000,0x00000000eb400000,0x00000000eb700000)
 ParOldGen       total 596992K, used 596983K [0x00000000c0000000, 0x00000000e4700000, 0x00000000eab00000)
  object space 596992K, 99% used [0x00000000c0000000,0x00000000e46fde88,0x00000000e4700000)
 Metaspace       used 68538K, committed 70016K, reserved 1114112K
  class space    used 7083K, committed 7680K, reserved 1048576K
}
Event: 56.229 GC heap before
{Heap before GC invocations=647 (full 3):
 PSYoungGen      total 8192K, used 8033K [0x00000000eab00000, 0x00000000eb700000, 0x0000000100000000)
  eden space 5632K, 100% used [0x00000000eab00000,0x00000000eb080000,0x00000000eb080000)
  from space 2560K, 93% used [0x00000000eb080000,0x00000000eb2d84e0,0x00000000eb300000)
  to   space 3072K, 0% used [0x00000000eb400000,0x00000000eb400000,0x00000000eb700000)
 ParOldGen       total 596992K, used 596983K [0x00000000c0000000, 0x00000000e4700000, 0x00000000eab00000)
  object space 596992K, 99% used [0x00000000c0000000,0x00000000e46fde88,0x00000000e4700000)
 Metaspace       used 68551K, committed 70016K, reserved 1114112K
  class space    used 7083K, committed 7680K, reserved 1048576K
}
Event: 56.251 GC heap after
{Heap after GC invocations=647 (full 3):
 PSYoungGen      total 9728K, used 1984K [0x00000000eab00000, 0x00000000eb700000, 0x0000000100000000)
  eden space 6656K, 0% used [0x00000000eab00000,0x00000000eab00000,0x00000000eb180000)
  from space 3072K, 64% used [0x00000000eb400000,0x00000000eb5f0010,0x00000000eb700000)
  to   space 2560K, 0% used [0x00000000eb180000,0x00000000eb180000,0x00000000eb400000)
 ParOldGen       total 599040K, used 598994K [0x00000000c0000000, 0x00000000e4900000, 0x00000000eab00000)
  object space 599040K, 99% used [0x00000000c0000000,0x00000000e48f4948,0x00000000e4900000)
 Metaspace       used 68551K, committed 70016K, reserved 1114112K
  class space    used 7083K, committed 7680K, reserved 1048576K
}
Event: 56.420 GC heap before
{Heap before GC invocations=648 (full 3):
 PSYoungGen      total 9728K, used 8640K [0x00000000eab00000, 0x00000000eb700000, 0x0000000100000000)
  eden space 6656K, 99% used [0x00000000eab00000,0x00000000eb17fff8,0x00000000eb180000)
  from space 3072K, 64% used [0x00000000eb400000,0x00000000eb5f0010,0x00000000eb700000)
  to   space 2560K, 0% used [0x00000000eb180000,0x00000000eb180000,0x00000000eb400000)
 ParOldGen       total 599040K, used 598994K [0x00000000c0000000, 0x00000000e4900000, 0x00000000eab00000)
  object space 599040K, 99% used [0x00000000c0000000,0x00000000e48f4948,0x00000000e4900000)
 Metaspace       used 68553K, committed 70016K, reserved 1114112K
  class space    used 7083K, committed 7680K, reserved 1048576K
}
Event: 56.424 GC heap after
{Heap after GC invocations=648 (full 3):
 PSYoungGen      total 9216K, used 2543K [0x00000000eab00000, 0x00000000ec000000, 0x0000000100000000)
  eden space 6656K, 0% used [0x00000000eab00000,0x00000000eab00000,0x00000000eb180000)
  from space 2560K, 99% used [0x00000000eb180000,0x00000000eb3fbd00,0x00000000eb400000)
  to   space 6656K, 0% used [0x00000000eb980000,0x00000000eb980000,0x00000000ec000000)
 ParOldGen       total 602112K, used 602027K [0x00000000c0000000, 0x00000000e4c00000, 0x00000000eab00000)
  object space 602112K, 99% used [0x00000000c0000000,0x00000000e4beafa0,0x00000000e4c00000)
 Metaspace       used 68553K, committed 70016K, reserved 1114112K
  class space    used 7083K, committed 7680K, reserved 1048576K
}

